Case #1: 1
1 1 1
Case #2: 4
1 1 2
1 2 1
1 2 2
1 1 3
Case #3: 2
1 1 3
1 1 1
Case #4: 2
1 2 3
1 1 1
Case #5: 6
1 2 1
1 2 2
1 1 3
1 1 2
1 1 1
1 2 3
Case #6: 6
1 2 3
1 2 2
1 1 2
1 1 3
1 2 1
1 1 1
Case #7: 18
1 1 1
2 1 2
2 2 3
1 2 2
1 1 3
2 1 1
1 2 1
1 3 2
1 3 3
1 3 1
2 2 2
2 3 3
2 3 2
1 1 2
2 2 1
2 3 1
2 1 3
1 2 3
Case #8: 8
1 1 2
2 2 3
1 2 1
2 1 2
2 2 2
2 1 1
1 2 3
1 1 1
Case #9: 8
1 1 2
2 2 2
2 1 2
1 2 2
1 2 1
2 2 1
2 1 1
1 1 1
Case #10: 18
1 2 3
1 3 3
2 3 1
2 2 3
1 3 2
1 3 1
1 2 2
1 1 1
2 2 1
2 3 2
2 1 1
2 2 2
2 3 3
1 2 1
2 1 3
2 1 2
1 1 3
1 1 2
Case #11: 12
2 2 2
1 1 3
1 2 2
2 2 3
2 1 1
1 2 3
1 1 2
2 1 3
2 1 2
1 2 1
1 1 1
2 2 1
Case #12: 18
1 1 1
2 1 1
1 3 1
2 3 2
1 3 2
1 2 1
2 2 2
2 3 1
2 2 3
1 1 3
1 2 3
2 1 3
2 2 1
1 3 3
1 2 2
1 1 2
2 3 3
2 1 2
Case #13: 6
1 2 3
1 2 2
1 2 1
1 1 3
1 1 2
1 1 1
Case #14: 4
1 2 1
1 1 2
1 1 1
1 2 2
Case #15: 3
1 1 3
1 1 2
1 1 1
Case #16: 12
1 1 2
2 2 2
2 1 2
1 2 3
1 2 2
2 1 1
2 1 3
2 2 1
1 1 1
1 2 1
1 1 3
2 2 3
Case #17: 3
1 2 3
1 3 2
1 1 1
Case #18: 9
2 3 3
3 2 2
3 3 1
1 3 2
1 1 1
3 1 3
2 2 1
1 2 3
2 1 2
Case #19: 18
1 3 2
2 1 3
1 1 2
1 1 3
2 1 2
1 2 1
2 2 2
2 3 2
2 3 1
1 2 2
2 2 1
1 2 3
1 3 3
2 2 3
2 3 3
1 1 1
1 3 1
2 1 1
Case #20: 3
1 1 2
1 1 1
1 1 3
Case #21: 4
1 1 1
2 2 1
2 1 2
1 2 2
Case #22: 6
1 1 3
1 2 3
1 2 1
1 1 1
1 2 2
1 1 2
Case #23: 2
1 1 2
1 1 1
Case #24: 27
1 2 1
2 1 1
1 3 1
3 2 1
1 3 3
3 1 2
2 2 2
1 1 1
3 3 1
3 1 1
1 1 2
3 1 3
3 2 2
2 3 2
2 3 1
1 2 3
3 3 3
1 3 2
2 2 1
1 1 3
3 2 3
2 1 3
2 2 3
1 2 2
2 1 2
2 3 3
3 3 2
Case #25: 12
1 2 1
2 2 1
2 2 3
1 1 2
2 1 2
1 1 1
2 1 3
2 2 2
2 1 1
1 2 3
1 2 2
1 1 3
Case #26: 4
1 1 1
1 2 2
1 2 1
1 1 2
Case #27: 8
1 1 2
1 2 1
2 2 1
1 1 1
2 2 2
1 2 2
2 1 2
2 1 1
Case #28: 2
1 1 2
1 1 1
Case #29: 27
3 3 1
2 2 2
3 1 3
2 3 1
3 1 2
3 3 2
1 3 2
2 1 1
1 1 1
1 1 2
3 3 3
1 1 3
1 2 2
2 3 3
3 1 1
1 3 1
3 2 1
1 2 3
3 2 3
1 2 1
3 2 2
2 3 2
2 1 2
2 1 3
2 2 1
2 2 3
1 3 3
Case #30: 9
1 2 2
1 1 2
1 2 1
1 3 3
1 3 2
1 2 3
1 1 1
1 3 1
1 1 3
Case #31: 17
1 2 1
1 2 2
2 2 3
3 3 1
1 3 2
3 2 2
3 1 3
2 3 2
1 1 1
2 1 2
2 3 1
3 1 2
3 2 1
1 1 3
3 3 3
2 1 1
1 3 3
Case #32: 4
1 2 1
1 1 1
1 1 2
1 2 2
Case #33: 1
1 1 1
Case #34: 2
1 1 1
1 2 2
Case #35: 9
1 1 3
1 1 1
1 2 2
1 3 1
1 3 2
1 1 2
1 2 1
1 3 3
1 2 3
Case #36: 1
1 1 1
Case #37: 3
1 1 2
1 1 1
1 1 3
Case #38: 2
1 1 2
1 1 1
Case #39: 1
1 1 1
Case #40: 6
1 1 2
1 1 1
1 1 3
1 2 3
1 2 1
1 2 2
Case #41: 27
2 2 1
3 1 2
1 3 3
2 3 1
1 2 2
2 1 3
2 1 1
1 1 1
3 1 1
2 2 2
3 1 3
1 3 1
1 2 3
3 3 2
3 3 3
1 1 3
1 1 2
1 2 1
2 2 3
3 2 1
3 2 2
1 3 2
2 3 3
2 1 2
3 2 3
3 3 1
2 3 2
Case #42: 2
1 1 2
1 1 1
Case #43: 3
1 1 1
1 1 3
1 1 2
Case #44: 9
1 3 1
1 1 1
1 3 3
1 1 2
1 2 1
1 3 2
1 2 3
1 2 2
1 1 3
Case #45: 6
1 1 2
1 1 1
1 2 3
1 2 1
1 1 3
1 2 2
Case #46: 8
2 2 1
1 1 1
2 1 1
1 2 1
1 2 2
2 1 2
2 2 2
1 1 2
Case #47: 18
2 2 1
1 1 2
2 2 3
2 3 1
1 2 1
1 1 3
1 1 1
1 3 3
1 3 1
2 3 2
2 2 2
1 2 2
2 1 2
2 3 3
2 1 1
2 1 3
1 2 3
1 3 2
Case #48: 5
2 1 3
1 3 2
2 2 1
1 1 1
1 2 3
Case #49: 18
1 3 1
1 1 3
2 2 3
2 1 3
1 3 2
2 1 2
2 3 1
2 1 1
1 2 1
1 1 2
2 3 2
2 3 3
1 2 3
2 2 1
1 1 1
2 2 2
1 2 2
1 3 3
Case #50: 8
1 1 2
2 1 1
2 2 2
1 2 2
1 1 1
2 2 1
2 1 2
1 2 1
Case #51: 18
1 3 1
2 2 3
2 3 2
1 1 3
2 2 2
2 1 1
2 3 1
1 3 2
1 2 3
1 2 1
1 3 3
2 3 3
2 1 3
1 1 2
1 1 1
2 1 2
2 2 1
1 2 2
Case #52: 8
2 1 1
1 1 2
2 1 2
1 2 1
2 2 1
2 2 2
1 1 1
1 2 2
Case #53: 6
1 2 3
1 1 2
1 2 1
1 1 3
1 2 2
1 1 1
Case #54: 4
1 1 2
1 2 1
1 2 2
1 1 1
Case #55: 1
1 1 1
Case #56: 3
1 1 2
1 1 1
1 1 3
Case #57: 9
1 3 2
1 1 3
1 2 2
1 1 2
1 1 1
1 3 1
1 3 3
1 2 3
1 2 1
Case #58: 9
1 2 3
1 3 3
1 3 2
1 1 1
1 1 3
1 1 2
1 2 1
1 3 1
1 2 2
Case #59: 2
1 1 1
1 1 2
Case #60: 27
3 2 3
2 1 2
2 3 1
1 2 2
1 3 2
3 2 1
1 2 3
3 3 1
1 1 2
2 1 3
1 3 1
2 1 1
3 1 1
3 2 2
1 3 3
1 1 1
3 3 3
2 2 3
3 3 2
3 1 3
2 2 1
2 3 3
1 2 1
1 1 3
3 1 2
2 3 2
2 2 2
Case #61: 5
1 3 1
1 2 2
1 2 1
1 3 2
1 1 3
Case #62: 12
1 2 3
1 2 1
2 1 1
2 2 1
2 2 3
1 2 2
2 2 2
1 1 3
1 1 2
2 1 3
1 1 1
2 1 2
Case #63: 1
1 1 2
Case #64: 2
1 1 1
1 1 2
Case #65: 4
1 2 3
2 1 1
1 1 2
2 2 2
Case #66: 1
1 1 1
Case #67: 27
2 3 1
1 2 2
3 3 3
2 1 2
2 1 1
3 1 2
1 3 1
3 1 1
3 1 3
2 2 2
3 2 3
2 3 2
2 2 1
1 3 3
3 3 2
1 3 2
2 3 3
3 2 1
1 1 1
3 2 2
3 3 1
2 2 3
1 1 2
1 2 1
1 1 3
2 1 3
1 2 3
Case #68: 4
1 2 1
1 2 2
1 1 2
1 1 1
Case #69: 1
1 1 1
Case #70: 27
1 3 3
1 2 3
2 1 1
2 2 2
2 3 3
1 3 1
3 2 2
1 2 1
2 2 1
3 3 1
2 1 3
3 3 3
1 1 3
2 2 3
2 3 1
1 2 2
3 2 3
1 1 2
3 1 1
2 1 2
1 3 2
3 2 1
3 1 3
3 1 2
3 3 2
1 1 1
2 3 2
Case #71: 8
2 2 1
1 2 1
2 2 2
1 2 2
2 1 1
2 1 2
1 1 2
1 1 1
Case #72: 8
2 2 1
2 1 2
1 2 1
2 1 1
1 1 2
1 1 1
2 2 2
1 2 2
Case #73: 4
1 2 2
1 2 1
1 1 1
1 1 2
Case #74: 4
1 1 2
1 2 2
1 2 1
1 1 1
Case #75: 8
1 1 1
1 2 1
1 2 2
2 2 1
2 1 1
1 1 2
2 1 2
2 2 2
Case #76: 12
1 2 1
2 1 1
2 2 2
1 1 1
1 2 3
1 1 2
1 1 3
1 2 2
2 2 3
2 1 3
2 2 1
2 1 2
Case #77: 3
1 1 2
1 1 3
1 1 1
Case #78: 1
1 1 2
Case #79: 27
3 1 2
3 2 2
1 1 3
2 2 1
2 3 2
1 3 3
2 1 3
3 3 3
2 2 2
3 1 3
1 2 1
2 1 2
3 2 3
1 3 1
3 1 1
1 2 2
3 3 1
1 1 2
1 1 1
2 2 3
1 2 3
3 2 1
2 3 1
3 3 2
2 3 3
2 1 1
1 3 2
Case #80: 2
1 1 1
1 1 2
Case #81: 27
3 3 1
1 3 2
3 1 1
1 2 3
3 1 3
2 1 1
2 3 2
3 1 2
2 2 1
2 2 2
2 3 1
3 2 2
3 3 2
3 3 3
3 2 3
1 3 1
2 3 3
1 1 2
3 2 1
2 1 3
1 1 3
1 1 1
1 3 3
2 2 3
1 2 1
1 2 2
2 1 2
Case #82: 4
1 1 1
1 2 2
1 1 2
1 2 1
Case #83: 1
1 1 1
Case #84: 9
1 2 3
1 1 2
1 2 1
1 3 2
1 3 1
1 1 1
1 2 2
1 3 3
1 1 3
Case #85: 12
1 2 1
2 2 3
2 2 1
1 2 2
1 1 1
1 3 2
1 3 3
2 3 2
2 1 2
2 1 1
1 1 3
2 3 3
Case #86: 12
1 1 2
1 2 2
2 2 3
1 1 3
2 1 2
1 2 1
2 2 2
2 1 1
2 2 1
1 1 1
1 2 3
2 1 3
Case #87: 1
1 1 1
Case #88: 6
1 1 1
1 2 3
1 1 2
1 2 2
1 1 3
1 2 1
Case #89: 3
1 1 2
1 1 3
1 1 1
Case #90: 2
1 1 2
1 1 1
Case #91: 18
1 2 2
1 3 2
1 3 3
1 1 2
1 2 3
2 3 3
1 2 1
2 1 2
1 1 1
1 3 1
2 1 1
2 2 2
1 1 3
2 3 2
2 2 3
2 1 3
2 3 1
2 2 1
Case #92: 12
1 2 2
2 2 1
1 2 1
1 1 1
2 1 1
2 1 2
2 2 2
2 1 3
1 1 3
2 2 3
1 1 2
1 2 3
Case #93: 9
1 3 1
1 3 2
1 3 3
1 2 2
1 2 3
1 1 1
1 1 2
1 2 1
1 1 3
Case #94: 9
1 3 1
1 2 3
1 1 2
1 3 2
1 2 1
1 3 3
1 1 3
1 1 1
1 2 2
Case #95: 4
1 2 2
1 1 2
1 1 1
1 2 1
Case #96: 1
1 1 1
Case #97: 12
1 1 3
2 2 3
2 1 1
2 1 2
1 2 3
1 2 1
2 2 2
1 1 2
1 2 2
2 1 3
2 2 1
1 1 1
Case #98: 3
1 1 2
1 1 1
1 1 3
Case #99: 2
1 1 1
1 1 2
Case #100: 8
1 1 1
1 2 2
2 2 2
2 1 2
2 1 1
2 2 1
1 2 1
1 1 2
