Case #1: 1
1 1 1
Case #2: 4
1 1 3
1 2 3
1 1 2
1 2 1
Case #3: 2
1 1 2
1 1 3
Case #4: 2
1 1 1
1 2 2
Case #5: 2
1 1 1
1 1 2
Case #6: 18
1 2 3
2 1 2
1 3 1
1 3 2
1 1 3
2 2 1
1 2 2
1 3 3
2 3 1
2 3 2
1 2 1
1 1 1
2 1 3
2 2 2
2 3 3
1 1 2
2 1 1
2 2 3
Case #7: 4
1 1 1
1 2 2
1 2 1
1 1 2
Case #8: 12
1 1 1
1 2 3
1 1 2
1 2 2
2 2 1
2 2 3
1 1 3
2 1 2
2 1 3
2 1 1
2 2 2
1 2 1
Case #9: 3
1 1 2
1 1 3
1 1 1
Case #10: 8
2 2 2
2 1 1
2 1 2
1 1 2
1 2 1
1 2 2
1 1 1
2 2 1
Case #11: 9
1 2 3
1 3 3
1 1 1
1 2 1
1 1 3
1 1 2
1 3 1
1 3 2
1 2 2
Case #12: 6
1 1 2
1 1 1
1 1 3
1 2 3
1 2 1
1 2 2
Case #13: 8
2 2 1
1 2 1
1 1 2
1 2 2
2 1 1
2 1 2
2 2 2
1 1 1
Case #14: 1
1 1 1
Case #15: 4
1 1 2
1 2 2
1 2 1
1 1 1
Case #16: 18
1 1 1
2 1 3
2 1 2
1 2 3
2 2 1
1 3 2
2 3 2
2 1 1
2 2 3
1 1 2
2 3 1
2 3 3
2 2 2
1 3 1
1 1 3
1 2 2
1 2 1
1 3 3
Case #17: 1
1 1 1
Case #18: 4
1 1 2
1 2 1
1 2 2
1 1 1
Case #19: 4
1 2 1
1 1 1
1 1 2
1 2 2
Case #20: 3
1 1 1
1 1 3
1 1 2
Case #21: 2
1 1 2
1 1 1
Case #22: 9
1 1 3
1 3 2
1 2 1
1 3 1
1 2 3
1 2 2
1 3 3
1 1 1
1 1 2
Case #23: 9
1 1 2
1 2 1
1 2 2
1 3 1
1 1 1
1 3 2
1 2 3
1 3 3
1 1 3
Case #24: 1
1 1 1
Case #25: 3
1 1 3
1 1 2
1 1 1
Case #26: 6
1 1 3
1 1 2
1 2 1
1 2 3
1 2 2
1 1 1
Case #27: 4
1 2 2
1 2 1
1 1 1
1 1 2
Case #28: 18
1 2 2
1 1 3
1 3 2
2 2 1
1 2 1
1 3 1
2 3 3
2 1 3
2 3 2
2 1 1
1 1 2
2 1 2
1 2 3
2 2 3
2 3 1
1 1 1
2 2 2
1 3 3
Case #29: 8
2 2 2
1 1 2
1 2 2
2 1 1
2 2 1
2 1 2
1 2 1
1 1 1
Case #30: 1
1 1 1
Case #31: 3
1 1 3
1 1 2
1 1 1
Case #32: 27
2 2 2
1 2 2
2 1 1
2 1 2
1 3 3
3 2 1
2 2 3
2 3 1
1 3 2
2 3 3
3 1 1
3 2 3
3 3 2
1 2 1
3 1 2
3 2 2
1 1 1
3 3 1
2 1 3
3 1 3
1 2 3
2 3 2
1 1 3
1 3 1
2 2 1
1 1 2
3 3 3
Case #33: 3
1 1 3
1 1 1
1 1 2
Case #34: 4
1 2 2
1 2 1
1 1 2
1 1 1
Case #35: 3
1 1 1
1 1 3
1 1 2
Case #36: 2
1 1 1
1 1 2
Case #37: 18
2 1 2
1 1 2
1 2 1
1 3 2
2 2 1
1 3 1
2 2 3
2 3 2
1 2 3
1 1 1
2 1 3
1 1 3
2 3 3
1 3 3
2 2 2
2 1 1
2 3 1
1 2 2
Case #38: 9
1 2 3
1 2 2
1 3 3
1 3 2
1 1 3
1 1 2
1 1 1
1 3 1
1 2 1
Case #39: 12
1 1 3
1 2 3
1 2 1
2 1 3
2 1 2
1 1 1
1 2 2
2 2 2
2 2 3
2 2 1
2 1 1
1 1 2
Case #40: 12
1 2 1
1 1 2
1 2 3
1 2 2
2 1 2
2 2 1
2 1 3
2 1 1
2 2 3
1 1 1
2 2 2
1 1 3
Case #41: 9
1 3 2
1 2 1
1 1 3
1 1 2
1 2 3
1 3 1
1 3 3
1 1 1
1 2 2
Case #42: 3
1 2 1
1 1 3
1 3 2
Case #43: 9
1 2 2
1 3 1
1 2 3
1 2 1
1 1 2
1 1 1
1 3 3
1 3 2
1 1 3
Case #44: 6
1 2 2
1 1 2
1 1 1
1 2 1
1 2 3
1 1 3
Case #45: 27
3 3 2
3 1 1
2 2 3
3 3 1
2 1 1
3 2 3
1 3 2
2 2 1
3 1 3
1 3 1
1 1 2
1 2 1
1 1 3
1 2 2
3 2 1
2 3 2
3 1 2
2 1 2
1 3 3
1 1 1
2 3 1
2 3 3
3 2 2
2 2 2
3 3 3
2 1 3
1 2 3
Case #46: 4
2 1 2
1 2 3
1 1 1
2 2 1
Case #47: 8
2 1 2
1 2 1
2 2 2
2 1 1
2 2 1
1 1 2
1 1 1
1 2 2
Case #48: 12
2 2 3
2 1 2
1 2 1
1 1 1
1 1 2
2 2 1
2 1 3
1 1 3
2 2 2
2 1 1
1 2 3
1 2 2
Case #49: 4
2 2 1
1 2 2
2 1 2
1 1 1
Case #50: 1
1 1 1
Case #51: 11
1 2 3
2 3 3
1 1 3
2 2 1
2 2 3
2 3 2
1 1 1
2 1 1
1 2 1
1 3 2
2 1 2
Case #52: 8
2 1 1
1 1 1
2 1 2
1 2 2
1 1 2
2 2 1
2 2 2
1 2 1
Case #53: 9
1 3 2
1 2 3
1 2 1
1 3 1
1 1 2
1 2 2
1 1 3
1 3 3
1 1 1
Case #54: 8
2 2 1
2 1 1
1 1 1
1 2 2
1 2 1
2 1 2
1 1 2
2 2 2
Case #55: 12
2 1 2
1 2 1
2 2 2
1 2 3
1 2 2
1 1 3
2 1 1
1 1 1
1 1 2
2 1 3
2 2 3
2 2 1
Case #56: 2
1 2 1
1 1 2
Case #57: 6
1 1 1
1 1 3
1 2 2
1 2 3
1 1 2
1 2 1
Case #58: 18
2 2 2
2 3 1
2 2 1
1 1 2
1 1 3
2 3 3
1 1 1
1 2 2
2 1 2
1 3 1
1 2 1
2 2 3
2 3 2
1 3 3
2 1 1
2 1 3
1 2 3
1 3 2
Case #59: 4
1 1 1
1 1 2
1 2 2
1 2 1
Case #60: 27
3 3 1
3 2 1
2 2 1
2 3 1
2 3 3
3 3 2
1 1 3
3 3 3
3 1 1
1 1 1
1 2 1
3 2 3
2 2 2
1 3 3
2 1 3
2 3 2
1 1 2
1 2 2
2 1 2
3 2 2
2 1 1
3 1 3
1 3 1
3 1 2
2 2 3
1 2 3
1 3 2
Case #61: 2
1 1 1
1 1 2
Case #62: 8
2 1 1
1 2 1
2 2 1
1 1 2
1 2 2
2 1 2
2 2 2
1 1 1
Case #63: 1
1 1 1
Case #64: 9
1 1 1
1 3 2
1 1 3
1 3 3
1 1 2
1 2 3
1 3 1
1 2 2
1 2 1
Case #65: 2
1 1 1
1 1 2
Case #66: 18
1 3 2
2 2 1
1 1 3
1 3 1
1 2 1
1 3 3
2 2 2
2 3 3
2 1 2
2 1 3
2 3 1
1 2 2
2 2 3
2 1 1
1 1 1
2 3 2
1 2 3
1 1 2
Case #67: 1
1 1 1
Case #68: 4
1 1 2
1 2 1
1 1 1
1 2 2
Case #69: 27
2 2 3
2 3 2
3 1 1
1 2 3
3 3 1
1 1 1
1 1 2
1 2 1
3 2 3
1 3 2
2 3 1
2 2 1
1 2 2
2 3 3
3 1 2
3 3 2
1 3 3
1 3 1
2 1 3
3 3 3
2 1 1
1 1 3
2 1 2
3 2 2
3 1 3
3 2 1
2 2 2
Case #70: 6
1 3 3
1 2 1
1 1 2
2 2 3
2 1 1
2 3 2
Case #71: 2
1 1 1
1 1 2
Case #72: 12
2 1 3
1 2 2
2 1 2
1 1 3
1 1 2
1 1 1
1 2 1
2 1 1
2 2 1
2 2 2
1 2 3
2 2 3
Case #73: 4
1 1 2
1 2 2
1 1 1
1 2 1
Case #74: 1
1 1 1
Case #75: 27
3 3 3
1 3 3
1 2 1
1 3 1
3 1 1
1 3 2
3 3 2
3 1 2
2 3 1
3 3 1
1 2 3
1 2 2
2 1 3
3 2 1
2 2 2
2 1 2
2 2 3
2 3 3
1 1 1
3 2 2
1 1 2
2 2 1
3 1 3
2 1 1
3 2 3
2 3 2
1 1 3
Case #76: 7
3 2 1
1 3 2
3 3 3
3 1 2
2 1 1
1 1 3
2 2 2
Case #77: 6
1 1 3
1 2 3
1 2 1
1 1 2
1 1 1
1 2 2
Case #78: 3
1 1 1
1 1 2
1 1 3
Case #79: 1
1 1 1
Case #80: 12
2 1 3
2 2 1
1 2 1
1 2 2
2 2 2
1 1 1
2 1 2
1 1 3
1 2 3
2 2 3
2 1 1
1 1 2
Case #81: 1
1 1 1
Case #82: 1
1 1 3
Case #83: 2
1 1 2
1 1 1
Case #84: 18
2 3 1
1 3 3
2 2 2
2 1 1
2 2 1
1 2 3
1 3 2
1 1 1
1 3 1
2 3 3
2 3 2
1 1 2
1 2 1
1 2 2
2 1 2
1 1 3
2 1 3
2 2 3
Case #85: 8
1 1 1
1 2 2
1 1 2
2 1 2
2 2 1
1 2 1
2 1 1
2 2 2
Case #86: 6
1 1 3
1 2 3
1 2 2
1 1 1
1 2 1
1 1 2
Case #87: 3
1 1 1
1 1 2
1 1 3
Case #88: 2
1 1 1
1 1 2
Case #89: 8
1 1 2
2 2 3
1 2 2
1 2 1
2 1 1
1 1 3
2 1 3
2 2 1
Case #90: 6
1 3 2
1 1 1
1 2 1
1 1 2
1 2 3
1 3 3
Case #91: 27
2 2 3
1 1 2
1 1 3
3 2 3
3 2 2
3 3 1
3 1 1
1 2 3
3 1 2
2 1 3
2 3 1
2 2 2
2 2 1
3 1 3
1 2 2
2 1 1
1 3 2
3 2 1
2 3 3
3 3 3
1 3 3
2 1 2
1 2 1
3 3 2
1 3 1
1 1 1
2 3 2
Case #92: 16
1 1 1
1 3 1
2 2 1
2 3 1
3 3 2
2 3 3
3 1 2
3 2 3
1 1 2
1 3 3
1 2 3
2 1 3
3 1 1
2 2 2
3 2 1
1 2 2
Case #93: 18
2 1 3
2 1 2
1 2 2
2 1 1
1 1 3
1 2 1
2 2 2
2 2 3
1 3 2
2 3 2
2 3 3
1 3 1
1 3 3
2 2 1
1 1 1
2 3 1
1 1 2
1 2 3
Case #94: 2
1 1 1
1 1 2
Case #95: 27
1 3 2
2 3 3
3 2 3
2 1 2
1 2 1
3 1 1
2 3 1
2 2 2
3 1 2
3 3 3
3 2 2
3 2 1
1 2 2
2 1 1
1 1 1
1 1 2
1 3 3
3 1 3
2 3 2
2 1 3
1 3 1
2 2 3
3 3 2
1 1 3
1 2 3
2 2 1
3 3 1
Case #96: 12
1 2 3
2 1 2
1 1 2
1 2 2
2 2 3
2 2 2
2 1 3
1 2 1
1 1 3
2 2 1
2 1 1
1 1 1
Case #97: 8
2 1 1
2 2 1
1 1 1
1 2 2
1 1 2
1 2 1
2 1 2
2 2 2
Case #98: 6
1 2 1
1 1 1
1 2 2
1 1 2
1 2 3
1 1 3
Case #99: 27
1 2 3
1 1 2
3 3 2
2 3 2
3 2 1
2 1 3
2 3 3
1 2 1
3 1 3
3 1 1
1 1 3
3 3 3
3 1 2
3 3 1
1 1 1
2 2 2
2 2 3
1 2 2
2 1 1
2 1 2
1 3 2
2 2 1
2 3 1
3 2 3
1 3 3
3 2 2
1 3 1
Case #100: 6
1 2 3
1 2 2
1 1 1
1 1 2
1 2 1
1 1 3
