Case #1: 1
1 1 1
Case #2: 4
1 1 1
1 2 2
1 2 3
1 1 2
Case #3: 2
1 1 3
1 1 2
Case #4: 2
1 1 2
1 2 1
Case #5: 18
2 3 3
2 2 1
1 3 2
2 1 2
1 2 3
2 1 3
2 2 3
2 3 2
2 2 2
2 1 1
1 1 3
1 1 1
1 2 1
1 1 2
1 3 3
1 2 2
2 3 1
1 3 1
Case #6: 2
1 1 2
1 1 1
Case #7: 1
1 1 1
Case #8: 8
2 1 1
2 2 2
1 1 1
1 2 2
2 2 1
1 2 1
1 1 2
2 1 2
Case #9: 2
1 1 1
1 1 2
Case #10: 14
1 1 2
3 2 2
3 2 3
3 3 2
1 2 3
1 1 3
3 3 1
2 3 2
2 3 1
3 1 1
2 1 3
2 2 2
1 2 1
2 2 1
Case #11: 8
2 2 2
1 1 3
1 2 2
1 2 1
2 1 1
2 1 2
1 1 2
2 2 1
Case #12: 6
1 1 1
1 2 3
1 1 3
1 1 2
1 2 1
1 2 2
Case #13: 18
2 1 3
1 1 2
1 3 1
2 2 2
2 1 1
2 1 2
1 3 3
1 3 2
1 1 1
2 3 2
2 2 3
1 2 1
1 1 3
2 3 3
1 2 2
2 2 1
1 2 3
2 3 1
Case #14: 1
1 1 1
Case #15: 8
1 1 1
2 2 1
2 2 2
1 1 2
2 1 1
1 2 1
1 2 2
2 1 2
Case #16: 9
1 3 3
1 2 2
1 3 1
1 1 1
1 1 2
1 3 2
1 2 3
1 1 3
1 2 1
Case #17: 8
1 1 1
1 2 1
2 2 2
2 1 1
2 1 2
1 2 2
2 2 1
1 1 2
Case #18: 18
1 3 3
2 3 1
2 2 1
1 1 1
1 2 3
1 3 2
1 2 2
2 1 2
1 1 3
2 3 2
2 2 3
2 3 3
2 1 3
1 2 1
2 2 2
1 1 2
2 1 1
1 3 1
Case #19: 6
1 2 1
1 1 1
1 1 2
1 2 3
1 1 3
1 2 2
Case #20: 2
1 1 2
1 1 1
Case #21: 3
1 1 1
1 1 2
1 1 3
Case #22: 8
1 1 1
1 2 1
1 1 2
2 2 1
1 2 2
2 2 2
2 1 2
2 1 1
Case #23: 4
1 2 1
1 1 2
1 2 2
1 1 1
Case #24: 3
1 3 1
1 1 3
1 2 2
Case #25: 1
1 1 3
Case #26: 6
1 1 2
1 2 3
1 1 1
1 2 1
1 1 3
1 2 2
Case #27: 2
1 1 1
1 1 2
Case #28: 18
1 2 3
2 3 1
2 2 2
2 2 1
2 1 1
1 2 2
1 3 1
1 1 3
1 3 2
2 2 3
2 1 2
1 3 3
1 2 1
2 3 2
2 1 3
1 1 2
1 1 1
2 3 3
Case #29: 9
1 3 3
1 3 1
1 2 3
1 1 3
1 1 1
1 3 2
1 1 2
1 2 1
1 2 2
Case #30: 6
1 2 3
1 2 2
1 1 1
1 1 2
1 1 3
1 2 1
Case #31: 3
1 1 1
1 1 2
1 1 3
Case #32: 9
1 2 3
1 3 2
1 2 1
1 1 2
1 3 1
1 1 1
1 2 2
1 1 3
1 3 3
Case #33: 2
1 1 1
1 1 2
Case #34: 3
1 1 1
1 1 3
1 1 2
Case #35: 27
1 3 1
1 1 2
1 2 1
3 2 3
2 2 3
1 3 2
2 1 1
1 2 2
3 1 2
3 3 1
2 3 1
2 1 3
2 2 2
2 1 2
3 2 1
3 1 1
1 3 3
3 2 2
2 3 3
3 3 2
1 1 1
2 2 1
3 3 3
3 1 3
1 2 3
1 1 3
2 3 2
Case #36: 27
1 1 3
1 2 1
1 3 2
3 1 2
1 3 3
2 2 1
3 3 2
1 2 2
3 2 3
3 2 2
2 1 3
3 3 3
2 2 2
2 1 1
1 1 1
3 1 1
1 3 1
2 3 1
2 2 3
3 3 1
2 1 2
3 1 3
2 3 2
1 1 2
2 3 3
1 2 3
3 2 1
Case #37: 1
1 1 1
Case #38: 4
1 1 1
1 2 1
1 2 2
1 1 2
Case #39: 3
1 1 2
1 1 3
1 1 1
Case #40: 6
1 1 1
1 2 2
1 2 1
1 1 3
1 1 2
1 2 3
Case #41: 18
2 2 2
1 2 1
1 3 3
2 3 2
2 1 3
1 3 1
1 1 2
1 1 1
2 1 2
2 1 1
2 2 3
2 3 1
1 2 2
2 3 3
1 3 2
2 2 1
1 2 3
1 1 3
Case #42: 4
1 1 2
1 1 1
1 2 1
1 2 2
Case #43: 4
2 1 1
1 2 3
1 1 2
2 2 2
Case #44: 8
2 1 1
1 1 1
1 2 1
2 2 2
2 2 1
1 2 2
1 1 2
2 1 2
Case #45: 9
1 2 1
1 1 1
1 2 2
1 2 3
1 3 3
1 3 1
1 3 2
1 1 2
1 1 3
Case #46: 1
1 1 2
Case #47: 12
1 1 2
2 2 1
1 1 1
2 1 2
1 2 2
1 2 3
2 2 3
1 2 1
2 1 1
2 2 2
1 1 3
2 1 3
Case #48: 6
1 1 3
1 1 1
1 2 1
1 2 3
1 1 2
1 2 2
Case #49: 27
3 3 2
2 1 1
3 3 3
1 3 1
2 3 3
1 3 2
2 1 2
2 2 2
3 2 2
1 1 1
2 3 1
1 1 3
1 2 3
3 2 1
3 2 3
3 3 1
1 1 2
2 2 3
1 2 1
2 3 2
1 3 3
3 1 1
2 2 1
3 1 2
1 2 2
2 1 3
3 1 3
Case #50: 8
1 2 1
2 1 2
1 1 2
2 1 1
1 2 2
1 1 1
2 2 2
2 2 1
Case #51: 12
2 1 2
1 2 3
2 2 2
2 1 1
1 2 1
1 1 1
2 2 1
1 2 2
1 1 3
2 1 3
2 2 3
1 1 2
Case #52: 8
1 1 2
1 1 1
1 2 1
2 2 1
1 2 2
2 1 2
2 2 2
2 1 1
Case #53: 6
1 2 2
1 1 3
1 2 1
1 2 3
1 1 2
1 1 1
Case #54: 1
1 1 1
Case #55: 27
2 2 1
3 1 1
3 1 2
3 2 1
3 3 3
2 1 3
2 1 1
1 3 1
1 2 3
1 1 2
1 3 2
2 2 3
2 1 2
1 2 2
1 2 1
1 3 3
2 2 2
3 3 2
1 1 3
2 3 3
3 3 1
3 2 2
3 2 3
2 3 1
3 1 3
2 3 2
1 1 1
Case #56: 12
2 1 1
1 2 2
1 1 2
1 1 3
2 2 1
1 2 1
1 2 3
2 2 2
2 1 2
2 2 3
2 1 3
1 1 1
Case #57: 27
2 3 3
2 1 3
1 1 1
3 1 2
3 3 1
2 2 2
3 1 1
1 2 2
1 2 3
1 3 1
2 2 1
3 3 2
2 3 2
2 1 1
3 2 1
1 1 3
3 2 2
3 2 3
1 3 3
2 1 2
1 3 2
3 3 3
2 2 3
3 1 3
1 2 1
2 3 1
1 1 2
Case #58: 27
3 2 1
3 1 1
1 1 2
3 3 1
3 3 2
2 2 2
3 2 2
1 3 3
1 2 2
2 1 2
1 1 1
3 1 2
1 3 1
2 1 3
2 1 1
3 2 3
1 2 1
1 3 2
2 3 2
1 1 3
3 3 3
2 2 3
2 3 3
3 1 3
1 2 3
2 3 1
2 2 1
Case #59: 27
2 2 2
2 1 3
1 3 2
2 3 2
1 1 1
3 2 1
2 2 1
1 2 2
3 2 2
3 1 1
1 3 1
3 1 2
3 3 3
3 3 2
1 3 3
2 1 2
3 2 3
1 2 3
2 3 1
2 1 1
1 1 3
1 1 2
2 3 3
3 1 3
2 2 3
3 3 1
1 2 1
Case #60: 1
1 1 1
Case #61: 2
1 1 1
1 1 2
Case #62: 8
2 2 2
1 2 1
2 2 1
2 1 1
1 1 2
2 1 2
1 1 1
1 2 2
Case #63: 27
3 2 1
1 1 1
3 3 1
3 3 2
2 3 3
2 3 2
1 1 3
1 3 3
3 2 3
1 3 1
1 3 2
1 2 1
1 2 2
2 2 2
2 1 2
1 2 3
2 1 1
3 1 1
2 1 3
1 1 2
3 2 2
2 2 1
3 1 2
3 1 3
2 2 3
2 3 1
3 3 3
Case #64: 5
2 2 3
2 3 2
1 1 1
1 2 2
1 3 3
Case #65: 3
1 1 3
1 1 2
1 1 1
Case #66: 10
1 1 2
2 3 3
1 2 2
1 1 3
2 1 3
2 3 1
2 1 1
1 2 3
1 3 1
2 2 2
Case #67: 6
1 1 3
1 2 1
1 2 3
1 3 1
1 1 2
1 3 2
Case #68: 6
1 1 3
1 1 1
1 2 3
1 2 1
1 1 2
1 2 2
Case #69: 8
2 1 1
1 1 2
2 1 2
1 1 1
2 2 1
1 2 2
1 2 1
2 2 2
Case #70: 12
2 1 1
1 1 3
1 2 1
1 1 1
2 2 2
2 2 3
2 1 3
1 2 3
1 2 2
1 1 2
2 2 1
2 1 2
Case #71: 12
1 2 3
1 1 2
2 1 3
1 2 1
1 1 3
2 2 2
1 1 1
2 2 1
2 1 1
1 2 2
2 2 3
2 1 2
Case #72: 4
1 1 1
1 1 2
1 2 2
1 2 1
Case #73: 2
1 1 1
2 2 2
Case #74: 9
1 1 1
1 3 2
1 3 1
1 3 3
1 2 1
1 2 3
1 1 2
1 1 3
1 2 2
Case #75: 1
1 1 1
Case #76: 4
1 2 2
1 2 1
1 1 2
1 1 1
Case #77: 9
1 2 3
1 3 2
1 3 1
1 2 1
1 2 2
1 1 1
1 1 3
1 3 3
1 1 2
Case #78: 3
1 1 3
1 1 1
1 1 2
Case #79: 3
1 1 2
1 1 1
1 1 3
Case #80: 2
1 1 2
1 1 1
Case #81: 18
1 3 3
2 3 3
2 2 3
1 1 3
2 1 3
1 3 1
1 2 1
1 2 3
2 3 1
1 3 2
2 2 2
2 1 2
1 1 1
2 3 2
2 1 1
1 2 2
1 1 2
2 2 1
Case #82: 9
2 3 3
2 2 2
3 3 2
2 1 1
3 1 3
3 2 1
1 2 3
1 3 1
1 1 2
Case #83: 4
1 2 2
1 1 2
1 2 1
1 1 1
Case #84: 4
1 2 1
1 1 2
1 2 2
1 1 1
Case #85: 1
1 1 1
Case #86: 2
1 1 1
1 1 2
Case #87: 2
1 2 1
1 1 2
Case #88: 3
1 1 1
1 1 3
1 1 2
Case #89: 18
2 1 3
2 3 3
2 2 3
2 1 2
2 1 1
1 2 3
1 2 1
1 1 1
2 2 2
1 1 3
1 1 2
1 3 3
1 3 2
1 3 1
2 3 2
2 3 1
1 2 2
2 2 1
Case #90: 4
1 1 2
1 2 1
1 1 1
1 2 2
Case #91: 12
1 2 3
2 1 1
2 2 1
2 2 3
1 1 2
2 1 2
1 2 1
1 1 3
2 2 2
1 2 2
2 1 3
1 1 1
Case #92: 12
1 2 3
1 1 3
1 1 1
1 1 2
2 2 3
2 2 1
2 1 1
1 2 1
2 1 2
2 1 3
1 2 2
2 2 2
Case #93: 4
1 1 1
1 2 1
1 2 2
1 1 2
Case #94: 2
1 1 1
1 1 2
Case #95: 1
1 1 1
Case #96: 1
1 1 1
Case #97: 9
1 2 2
1 2 1
1 2 3
1 3 1
1 1 3
1 3 2
1 1 1
1 3 3
1 1 2
Case #98: 12
2 2 2
2 1 1
2 1 2
2 2 3
1 1 3
1 1 1
1 2 1
1 2 2
1 2 3
1 1 2
2 1 3
2 2 1
Case #99: 18
2 2 1
2 1 1
1 2 3
1 1 3
2 2 2
1 3 3
2 3 3
1 2 1
1 1 1
2 2 3
1 1 2
2 1 3
2 1 2
2 3 1
2 3 2
1 3 1
1 3 2
1 2 2
Case #100: 9
1 2 1
1 3 2
1 2 2
1 1 3
1 1 1
1 2 3
1 3 3
1 1 2
1 3 1
