---------------
[('A', 2), ('B', 2)]
---------------
[('A', 1), ('B', 1)]
---------------
[]
Case #1: AB AB 
---------------
[('A', 3), ('C', 2), ('B', 2)]
---------------
[('A', 2), ('B', 2), ('C', 1)]
---------------
[('A', 1), ('C', 1), ('B', 1)]
---------------
[('B', 1)]
Case #2: AC AB AC B
---------------
[('C', 2), ('A', 1), ('B', 1)]
---------------
[('C', 1), ('B', 1)]
---------------
[]
Case #3: CA CB 
---------------
[('B', 3), ('A', 2), ('C', 1)]
---------------
[('B', 2), ('A', 1), ('C', 1)]
---------------
[('C', 1), ('B', 1)]
---------------
[]
Case #4: BA BA CB 
